0 info it worked if it ends with ok
1 verbose cli [ 'C:\\nodejs\\\\node.exe',
1 verbose cli   'C:\\nodejs\\node_modules\\npm\\bin\\npm-cli.js',
1 verbose cli   'install',
1 verbose cli   'google-calender' ]
2 info using npm@1.4.28
3 info using node@v0.10.32
4 verbose node symlink C:\nodejs\\node.exe
5 warn package.json firedevil@0.0.0 No repository field.
6 verbose readDependencies using package.json deps
7 verbose cache add [ 'google-calender', null ]
8 verbose cache add name=undefined spec="google-calender" args=["google-calender",null]
9 verbose parsed url { protocol: null,
9 verbose parsed url   slashes: null,
9 verbose parsed url   auth: null,
9 verbose parsed url   host: null,
9 verbose parsed url   port: null,
9 verbose parsed url   hostname: null,
9 verbose parsed url   hash: null,
9 verbose parsed url   search: null,
9 verbose parsed url   query: null,
9 verbose parsed url   pathname: 'google-calender',
9 verbose parsed url   path: 'google-calender',
9 verbose parsed url   href: 'google-calender' }
10 silly lockFile 088dfc8b-google-calender google-calender
11 verbose lock google-calender C:\Users\Tole\AppData\Roaming\npm-cache\088dfc8b-google-calender.lock
12 silly lockFile 088dfc8b-google-calender google-calender
13 silly lockFile 088dfc8b-google-calender google-calender
14 verbose addNamed [ 'google-calender', '' ]
15 verbose addNamed [ null, '*' ]
16 silly lockFile 224e99f8-google-calender google-calender@
17 verbose lock google-calender@ C:\Users\Tole\AppData\Roaming\npm-cache\224e99f8-google-calender.lock
18 silly addNameRange { name: 'google-calender', range: '*', hasData: false }
19 verbose request where is /google-calender
20 verbose request registry https://registry.npmjs.org/
21 verbose request id ef5499d275fc9268
22 verbose url raw /google-calender
23 verbose url resolving [ 'https://registry.npmjs.org/', './google-calender' ]
24 verbose url resolved https://registry.npmjs.org/google-calender
25 verbose request where is https://registry.npmjs.org/google-calender
26 info trying registry request attempt 1 at 12:40:33
27 http GET https://registry.npmjs.org/google-calender
28 http 404 https://registry.npmjs.org/google-calender
29 verbose headers { date: 'Wed, 28 Jan 2015 20:40:33 GMT',
29 verbose headers   server: 'CouchDB/1.6.1 (Erlang OTP/R14B04)',
29 verbose headers   'content-type': 'application/json',
29 verbose headers   'cache-control': 'max-age=0',
29 verbose headers   'content-length': '52',
29 verbose headers   'accept-ranges': 'bytes',
29 verbose headers   via: '1.1 varnish',
29 verbose headers   age: '0',
29 verbose headers   'x-served-by': 'cache-sjc3128-SJC',
29 verbose headers   'x-cache': 'MISS',
29 verbose headers   'x-cache-hits': '0',
29 verbose headers   'x-timer': 'S1422477633.872624,VS0,VE97',
29 verbose headers   'keep-alive': 'timeout=10, max=50',
29 verbose headers   connection: 'Keep-Alive' }
30 silly registry.get cb [ 404,
30 silly registry.get   { date: 'Wed, 28 Jan 2015 20:40:33 GMT',
30 silly registry.get     server: 'CouchDB/1.6.1 (Erlang OTP/R14B04)',
30 silly registry.get     'content-type': 'application/json',
30 silly registry.get     'cache-control': 'max-age=0',
30 silly registry.get     'content-length': '52',
30 silly registry.get     'accept-ranges': 'bytes',
30 silly registry.get     via: '1.1 varnish',
30 silly registry.get     age: '0',
30 silly registry.get     'x-served-by': 'cache-sjc3128-SJC',
30 silly registry.get     'x-cache': 'MISS',
30 silly registry.get     'x-cache-hits': '0',
30 silly registry.get     'x-timer': 'S1422477633.872624,VS0,VE97',
30 silly registry.get     'keep-alive': 'timeout=10, max=50',
30 silly registry.get     connection: 'Keep-Alive' } ]
31 silly lockFile 224e99f8-google-calender google-calender@
32 silly lockFile 224e99f8-google-calender google-calender@
33 error 404 404 Not Found: google-calender
33 error 404
33 error 404 'google-calender' is not in the npm registry.
33 error 404 You should bug the author to publish it
33 error 404 It was specified as a dependency of 'firedevil'
33 error 404
33 error 404 Note that you can also install from a
33 error 404 tarball, folder, or http url, or git url.
34 error System Windows_NT 6.2.9200
35 error command "C:\\nodejs\\\\node.exe" "C:\\nodejs\\node_modules\\npm\\bin\\npm-cli.js" "install" "google-calender"
36 error cwd C:\Users\Tole\jSstuffings\fire-devil\Fire-Devil
37 error node -v v0.10.32
38 error npm -v 1.4.28
39 error code E404
40 verbose exit [ 1, true ]
